<?xml version="1.0" encoding="UTF-8"?>
<!-- Generated by org.testng.reporters.JUnitXMLReporter -->
<testsuite ignored="0" hostname="DESKTOP-PDQG53T" failures="0" tests="5" name="account" time="13.433" errors="0" timestamp="2024-06-08T22:27:23 IST">
  <testcase classname="TestNG.Currentaccountclass2" name="m1" time="0.006"/>
  <testcase classname="TestNG.Currentaccountclass2" name="m2" time="0.002"/>
  <testcase classname="TestNG.Currentaccountclass1" name="m1" time="0.002"/>
  <testcase classname="TestNG.Currentaccountclass1" name="m2" time="0.004"/>
  <testcase classname="TestNG.Session1" name="SignIn" time="4.081"/>
</testsuite> <!-- account -->
