<?xml version="1.0" encoding="UTF-8"?>
<!-- Generated by org.testng.reporters.JUnitXMLReporter -->
<testsuite ignored="0" hostname="DESKTOP-PDQG53T" failures="0" tests="3" name="Default test" time="0.083" errors="0" timestamp="2024-06-12T18:48:26 IST">
  <testcase classname="TestNG.Currentaccountclass1" name="m1" time="0.012"/>
  <testcase classname="TestNG.Currentaccountclass1" name="m1" time="0.001"/>
  <testcase classname="TestNG.Currentaccountclass1" name="m2" time="0.004"/>
</testsuite> <!-- Default test -->
