<?xml version="1.0" encoding="UTF-8"?>
<!-- Generated by org.testng.reporters.JUnitXMLReporter -->
<testsuite ignored="0" hostname="DESKTOP-PDQG53T" failures="2" tests="5" name="Test" time="1.01" errors="0" timestamp="2024-06-15T23:48:17 IST">
  <testcase classname="TestNG.TestcaseExample1" name="testmethod1" time="0.021"/>
  <testcase classname="TestNG.TestcaseExample1" name="testmethod2" time="0.005">
    <failure type="java.lang.AssertionError" message="expected [true] but found [false]">
      <![CDATA[java.lang.AssertionError: expected [true] but found [false]
at TestNG.TestcaseExample1.testmethod2(TestcaseExample1.java:19)
at java.base/java.util.ArrayList.forEach(ArrayList.java:1511)
... Removed 31 stack frames]]>
    </failure>
  </testcase> <!-- testmethod2 -->
  <testcase classname="TestNG.TestcaseExample1" name="testmethod3" time="0.013">
    <failure type="java.lang.AssertionError" message="expected [true] but found [false]">
      <![CDATA[java.lang.AssertionError: expected [true] but found [false]
at TestNG.TestcaseExample1.testmethod3(TestcaseExample1.java:25)
at java.base/java.util.ArrayList.forEach(ArrayList.java:1511)
... Removed 31 stack frames]]>
    </failure>
  </testcase> <!-- testmethod3 -->
  <testcase classname="TestNG.TestcaseExample1" name="testmethod4" time="0.012"/>
  <testcase classname="TestNG.TestcaseExample1" name="testmethod5" time="0.006">
    <skipped/>
  </testcase> <!-- testmethod5 -->
</testsuite> <!-- Test -->
